(---------------------------------------------------------------------)
(                                                                     )
(    ARTWORK LOG                                                      )
(                                                                     )
(    Drawing          : TinyBMS-A1.brd                                )
(    Software Version : 17.4S017                                      )
(    Date/Time        : Tue Nov 22 21:24:37 2022                      )
(                                                                     )
(---------------------------------------------------------------------)


 ---- Photoplot outline rectangle not found; using drawing extents.



Results from parameter file ...
    DEVICE-TYPE           GERBER_RS274X
    OUTPUT-UNITS          MM
    FILM-SIZE             2400000 1600000
    FORMAT                2.5
    ABORT-ON-ERROR        NO
    SCALE                 1
    SUPPRESS-LEAD-ZEROES  YES
    SUPPRESS-TRAIL-ZEROES NO
    SUPPRESS-EQUAL        YES
    UNDEF-APT-CONT        NO



================================================================
     PROCESSING FILM < TOP >
     TO FILE < D:/Work/GitHub/TinyBMS/PCB/TOP.art > ...
================================================================

  FILM PARAMETERS :
  ---------------------------------------------------------
  Undefined line width                0.5000
  Mirror code                         NONE
  Rotate angle                        NONE
  Offset x:                           0.0000
  Offset y:                           0.0000
  Plot negative                       NO
  Suppress unconnected internal pads  NO
  Draw holes only                     NO

    WARNING: Film contains objects with associated DRCs (153).
           In the design editor view this film and enable visibility for the
           associated DRC layer. Verify the DRCs are approved exceptions to your rules.


  APERTURES USED:
  ---------------------------------------------------------
  TYPE       SIZE/NAME                   ROT   MIRROR MODE 
  ---------------------------------------------------------
  CIRCLE     0.12700                                  DARK 
  CIRCLE     0.15000                                  DARK 
  CIRCLE     0.20000                                  DARK 
  CIRCLE     0.23000                                  DARK 
  CIRCLE     0.25000                                  DARK 
  CIRCLE     0.26000                                  DARK 
  CIRCLE     0.30000                                  DARK 
  CIRCLE     0.32000                                  DARK 
  CIRCLE     0.35000                                  DARK 
  CIRCLE     0.38000                                  DARK 
  CIRCLE     0.40000                                  DARK 
  CIRCLE     0.50000                                  DARK 
  CIRCLE     0.60000                                  DARK 
  CIRCLE     0.80000                                  DARK 
  CIRCLE     0.90000                                  DARK 
  CIRCLE     1.00000                                  DARK 
  CIRCLE     1.10000                                  DARK 
  CIRCLE     2.00000                                  DARK 
  CIRCLE     3.00000                                  DARK 
  CIRCLE     3.10000                                  DARK 
  RECTANGLE  0.30000     x 0.80000       0.000 NO     DARK 
  RECTANGLE  0.30000     x 0.80000      90.000 NO     DARK 
  RECTANGLE  0.30000     x 1.00000       0.000 NO     DARK 
  RECTANGLE  0.30000     x 1.00000      90.000 NO     DARK 
  RECTANGLE  0.30000     x 1.50000       0.000 NO     DARK 
  RECTANGLE  0.30000     x 1.50000      90.000 NO     DARK 
  RECTANGLE  0.35000     x 1.00000       0.000 NO     DARK 
  RECTANGLE  0.40000     x 1.50000       0.000 NO     DARK 
  RECTANGLE  0.50000     x 0.80000       0.000 NO     DARK 
  RECTANGLE  0.50000     x 0.80000      90.000 NO     DARK 
  RECTANGLE  0.50000     x 1.40000       0.000 NO     DARK 
  RECTANGLE  0.50000     x 1.40000      90.000 NO     DARK 
  RECTANGLE  0.51000     x 1.27000       0.000 NO     DARK 
  RECTANGLE  0.51000     x 1.27000      90.000 NO     DARK 
  RECTANGLE  0.60000     x 0.50000       0.000 NO     DARK 
  RECTANGLE  0.60000     x 0.50000      90.000 NO     DARK 
  RECTANGLE  0.60000     x 1.00000       0.000 NO     DARK 
  RECTANGLE  0.60000     x 1.00000      90.000 NO     DARK 
  RECTANGLE  0.65000     x 1.35000       0.000 NO     DARK 
  RECTANGLE  0.65000     x 1.35000      90.000 NO     DARK 
  RECTANGLE  1.00000     x 1.20000      90.000 NO     DARK 
  RECTANGLE  1.00000     x 1.80000       0.000 NO     DARK 
  RECTANGLE  1.14000     x 1.20000       0.000 NO     DARK 
  RECTANGLE  1.20000     x 1.80000       0.000 NO     DARK 
  RECTANGLE  1.20000     x 1.80000      90.000 NO     DARK 
  RECTANGLE  1.20000     x 2.40000      90.000 NO     DARK 
  RECTANGLE  1.80000     x 3.20000       0.000 NO     DARK 
  RECTANGLE  1.80000     x 3.20000      90.000 NO     DARK 
  RECTANGLE  2.00000     x 5.50000      90.000 NO     DARK 
  RECTANGLE  3.00000     x 6.00000      90.000 NO     DARK 
  RECTANGLE  4.00000     x 6.00000       0.000 NO     DARK 
  PAD SHAPE  ROUNDED_RECTANGLE ,16667.   0.000 NO     DARK 

     TOP created with warnings


================================================================
     PROCESSING FILM < BOTTOM >
     TO FILE < D:/Work/GitHub/TinyBMS/PCB/BOTTOM.art > ...
================================================================

  FILM PARAMETERS :
  ---------------------------------------------------------
  Undefined line width                0.5000
  Mirror code                         NONE
  Rotate angle                        NONE
  Offset x:                           0.0000
  Offset y:                           0.0000
  Plot negative                       NO
  Suppress unconnected internal pads  NO
  Draw holes only                     NO

    WARNING: Film contains objects with associated DRCs (1).
           In the design editor view this film and enable visibility for the
           associated DRC layer. Verify the DRCs are approved exceptions to your rules.


  APERTURES USED:
  ---------------------------------------------------------
  TYPE       SIZE/NAME                   ROT   MIRROR MODE 
  ---------------------------------------------------------
  CIRCLE     0.12700                                  DARK 
  CIRCLE     0.15000                                  DARK 
  CIRCLE     0.20000                                  DARK 
  CIRCLE     0.30000                                  DARK 
  CIRCLE     0.32000                                  DARK 
  CIRCLE     0.40000                                  DARK 
  CIRCLE     0.60000                                  DARK 
  CIRCLE     0.80000                                  DARK 
  CIRCLE     0.90000                                  DARK 
  CIRCLE     2.00000                                  DARK 
  CIRCLE     3.00000                                  DARK 
  CIRCLE     3.10000                                  DARK 
  RECTANGLE  1.80000     x 3.20000       0.000 NO     DARK 
  RECTANGLE  4.00000     x 6.00000       0.000 NO     DARK 
  PAD SHAPE  ROUNDED_RECTANGLE ,16667.   0.000 NO     DARK 

     BOTTOM created with warnings


================================================================
     PROCESSING FILM < Silkscreen_Top >
     TO FILE < D:/Work/GitHub/TinyBMS/PCB/Silkscreen_Top.art > ...
================================================================

  FILM PARAMETERS :
  ---------------------------------------------------------
  Undefined line width                0.5000
  Mirror code                         NONE
  Rotate angle                        NONE
  Offset x:                           0.0000
  Offset y:                           0.0000
  Plot negative                       NO
  Suppress unconnected internal pads  NO
  Draw holes only                     NO



  APERTURES USED:
  ---------------------------------------------------------
  TYPE       SIZE/NAME                   ROT   MIRROR MODE 
  ---------------------------------------------------------
  CIRCLE     0.05000                                  DARK 
  CIRCLE     0.10000                                  DARK 
  CIRCLE     0.15000                                  DARK 
  CIRCLE     0.20000                                  DARK 
  CIRCLE     0.50000                                  DARK 
  CIRCLE     1.00000                                  DARK 

     Silkscreen_Top created.


================================================================
     PROCESSING FILM < Silkscreen_Bottom >
     TO FILE < D:/Work/GitHub/TinyBMS/PCB/Silkscreen_Bottom.art > ...
================================================================

  FILM PARAMETERS :
  ---------------------------------------------------------
  Undefined line width                0.5000
  Mirror code                         NONE
  Rotate angle                        NONE
  Offset x:                           0.0000
  Offset y:                           0.0000
  Plot negative                       NO
  Suppress unconnected internal pads  NO
  Draw holes only                     NO



  APERTURES USED:
  ---------------------------------------------------------
  TYPE       SIZE/NAME                   ROT   MIRROR MODE 
  ---------------------------------------------------------
  CIRCLE     0.20000                                  DARK 
  CIRCLE     1.00000                                  DARK 

     Silkscreen_Bottom created.


================================================================
     PROCESSING FILM < Soldermask_Top >
     TO FILE < D:/Work/GitHub/TinyBMS/PCB/Soldermask_Top.art > ...
================================================================

  FILM PARAMETERS :
  ---------------------------------------------------------
  Undefined line width                0.5000
  Mirror code                         NONE
  Rotate angle                        NONE
  Offset x:                           0.0000
  Offset y:                           0.0000
  Plot negative                       NO
  Suppress unconnected internal pads  NO
  Draw holes only                     NO



  APERTURES USED:
  ---------------------------------------------------------
  TYPE       SIZE/NAME                   ROT   MIRROR MODE 
  ---------------------------------------------------------
  CIRCLE     1.00000                                  DARK 
  CIRCLE     2.10000                                  DARK 
  CIRCLE     3.20000                                  DARK 
  RECTANGLE  0.40000     x 0.90000       0.000 NO     DARK 
  RECTANGLE  0.40000     x 0.90000      90.000 NO     DARK 
  RECTANGLE  0.40000     x 1.10000       0.000 NO     DARK 
  RECTANGLE  0.40000     x 1.10000      90.000 NO     DARK 
  RECTANGLE  0.40000     x 1.60000       0.000 NO     DARK 
  RECTANGLE  0.40000     x 1.60000      90.000 NO     DARK 
  RECTANGLE  0.45000     x 1.00000       0.000 NO     DARK 
  RECTANGLE  0.50000     x 1.60000       0.000 NO     DARK 
  RECTANGLE  0.60000     x 0.90000       0.000 NO     DARK 
  RECTANGLE  0.60000     x 0.90000      90.000 NO     DARK 
  RECTANGLE  0.60000     x 1.50000       0.000 NO     DARK 
  RECTANGLE  0.60000     x 1.50000      90.000 NO     DARK 
  RECTANGLE  0.61000     x 1.37000       0.000 NO     DARK 
  RECTANGLE  0.61000     x 1.37000      90.000 NO     DARK 
  RECTANGLE  0.70000     x 0.60000       0.000 NO     DARK 
  RECTANGLE  0.70000     x 0.60000      90.000 NO     DARK 
  RECTANGLE  0.70000     x 1.10000       0.000 NO     DARK 
  RECTANGLE  0.70000     x 1.10000      90.000 NO     DARK 
  RECTANGLE  0.75000     x 1.45000       0.000 NO     DARK 
  RECTANGLE  0.75000     x 1.45000      90.000 NO     DARK 
  RECTANGLE  1.10000     x 1.30000      90.000 NO     DARK 
  RECTANGLE  1.10000     x 1.90000       0.000 NO     DARK 
  RECTANGLE  1.24000     x 1.30000       0.000 NO     DARK 
  RECTANGLE  1.30000     x 1.90000       0.000 NO     DARK 
  RECTANGLE  1.30000     x 1.90000      90.000 NO     DARK 
  RECTANGLE  1.30000     x 2.50000      90.000 NO     DARK 
  RECTANGLE  1.90000     x 3.30000       0.000 NO     DARK 
  RECTANGLE  1.90000     x 3.30000      90.000 NO     DARK 
  RECTANGLE  2.10000     x 5.60000      90.000 NO     DARK 
  RECTANGLE  3.10000     x 6.10000      90.000 NO     DARK 
  PAD SHAPE  ROUNDED_RECTANGLE ,17333.   0.000 NO     DARK 
  PAD SHAPE  ROUNDED_RECTANGLE ,11000.   0.000 NO     DARK 

     Soldermask_Top created.


================================================================
     PROCESSING FILM < Soldermask_Bottom >
     TO FILE < D:/Work/GitHub/TinyBMS/PCB/Soldermask_Bottom.art > ...
================================================================

  FILM PARAMETERS :
  ---------------------------------------------------------
  Undefined line width                0.5000
  Mirror code                         NONE
  Rotate angle                        NONE
  Offset x:                           0.0000
  Offset y:                           0.0000
  Plot negative                       NO
  Suppress unconnected internal pads  NO
  Draw holes only                     NO



  APERTURES USED:
  ---------------------------------------------------------
  TYPE       SIZE/NAME                   ROT   MIRROR MODE 
  ---------------------------------------------------------
  CIRCLE     1.00000                                  DARK 
  CIRCLE     2.10000                                  DARK 
  RECTANGLE  1.90000     x 3.30000       0.000 NO     DARK 
  PAD SHAPE  ROUNDED_RECTANGLE ,11000.   0.000 NO     DARK 

     Soldermask_Bottom created.


================================================================
     PROCESSING FILM < Pastemask_Top >
     TO FILE < D:/Work/GitHub/TinyBMS/PCB/Pastemask_Top.art > ...
================================================================

  FILM PARAMETERS :
  ---------------------------------------------------------
  Undefined line width                0.5000
  Mirror code                         NONE
  Rotate angle                        NONE
  Offset x:                           0.0000
  Offset y:                           0.0000
  Plot negative                       NO
  Suppress unconnected internal pads  NO
  Draw holes only                     NO



  APERTURES USED:
  ---------------------------------------------------------
  TYPE       SIZE/NAME                   ROT   MIRROR MODE 
  ---------------------------------------------------------
  CIRCLE     0.90000                                  DARK 
  CIRCLE     2.00000                                  DARK 
  CIRCLE     3.00000                                  DARK 
  RECTANGLE  0.30000     x 0.80000       0.000 NO     DARK 
  RECTANGLE  0.30000     x 0.80000      90.000 NO     DARK 
  RECTANGLE  0.30000     x 1.00000       0.000 NO     DARK 
  RECTANGLE  0.30000     x 1.00000      90.000 NO     DARK 
  RECTANGLE  0.30000     x 1.50000       0.000 NO     DARK 
  RECTANGLE  0.30000     x 1.50000      90.000 NO     DARK 
  RECTANGLE  0.35000     x 1.00000       0.000 NO     DARK 
  RECTANGLE  0.40000     x 1.50000       0.000 NO     DARK 
  RECTANGLE  0.50000     x 0.80000       0.000 NO     DARK 
  RECTANGLE  0.50000     x 0.80000      90.000 NO     DARK 
  RECTANGLE  0.50000     x 1.40000       0.000 NO     DARK 
  RECTANGLE  0.50000     x 1.40000      90.000 NO     DARK 
  RECTANGLE  0.51000     x 1.27000       0.000 NO     DARK 
  RECTANGLE  0.51000     x 1.27000      90.000 NO     DARK 
  RECTANGLE  0.60000     x 0.50000       0.000 NO     DARK 
  RECTANGLE  0.60000     x 0.50000      90.000 NO     DARK 
  RECTANGLE  0.60000     x 1.00000       0.000 NO     DARK 
  RECTANGLE  0.60000     x 1.00000      90.000 NO     DARK 
  RECTANGLE  0.65000     x 1.35000       0.000 NO     DARK 
  RECTANGLE  0.65000     x 1.35000      90.000 NO     DARK 
  RECTANGLE  1.00000     x 1.20000      90.000 NO     DARK 
  RECTANGLE  1.00000     x 1.80000       0.000 NO     DARK 
  RECTANGLE  1.14000     x 1.20000       0.000 NO     DARK 
  RECTANGLE  1.20000     x 1.80000       0.000 NO     DARK 
  RECTANGLE  1.20000     x 1.80000      90.000 NO     DARK 
  RECTANGLE  1.20000     x 2.40000      90.000 NO     DARK 
  RECTANGLE  1.80000     x 3.20000       0.000 NO     DARK 
  RECTANGLE  1.80000     x 3.20000      90.000 NO     DARK 
  RECTANGLE  2.00000     x 5.50000      90.000 NO     DARK 
  RECTANGLE  3.00000     x 6.00000      90.000 NO     DARK 
  PAD SHAPE  ROUNDED_RECTANGLE ,10667.   0.000 NO     DARK 
  PAD SHAPE  ROUNDED_RECTANGLE ,16667.   0.000 NO     DARK 

     Pastemask_Top created.


================================================================
     PROCESSING FILM < Pastemask_Bottom >
     TO FILE < D:/Work/GitHub/TinyBMS/PCB/Pastemask_Bottom.art > ...
================================================================

  FILM PARAMETERS :
  ---------------------------------------------------------
  Undefined line width                0.5000
  Mirror code                         NONE
  Rotate angle                        NONE
  Offset x:                           0.0000
  Offset y:                           0.0000
  Plot negative                       NO
  Suppress unconnected internal pads  NO
  Draw holes only                     NO



  APERTURES USED:
  ---------------------------------------------------------
  TYPE       SIZE/NAME                   ROT   MIRROR MODE 
  ---------------------------------------------------------
  CIRCLE     0.90000                                  DARK 
  CIRCLE     2.00000                                  DARK 
  RECTANGLE  1.80000     x 3.20000       0.000 NO     DARK 
  PAD SHAPE  ROUNDED_RECTANGLE ,10667.   0.000 NO     DARK 

     Pastemask_Bottom created.


================================================================
     PROCESSING FILM < Drill_Chart >
     TO FILE < D:/Work/GitHub/TinyBMS/PCB/Drill_Chart.art > ...
================================================================

  FILM PARAMETERS :
  ---------------------------------------------------------
  Undefined line width                0.5000
  Mirror code                         NONE
  Rotate angle                        NONE
  Offset x:                           0.0000
  Offset y:                           0.0000
  Plot negative                       NO
  Suppress unconnected internal pads  NO
  Draw holes only                     NO

    WARNING: 0 width line found at (-2.5000 -60.0000)
           ... using undefined line width of 0.5000

    WARNING: Multiple 0 width lines; all will be treated the same as the first.
           ... using undefined line width of 0.5000

    WARNING: text composed 0 width line found at (-13.8599 -29.7745)
           ... using undefined line width of 0.5000

    WARNING: text having Multiple 0 width lines; all will be treated the same as the first.
           ... using undefined line width of 0.5000



  APERTURES USED:
  ---------------------------------------------------------
  TYPE       SIZE/NAME                   ROT   MIRROR MODE 
  ---------------------------------------------------------
  CIRCLE     0.15000                                  DARK 
  CIRCLE     0.20000                                  DARK 
  CIRCLE     0.50000                                  DARK 

     Drill_Chart created with warnings


================================================================
     PROCESSING FILM < VCC >
     TO FILE < D:/Work/GitHub/TinyBMS/PCB/VCC.art > ...
================================================================

  FILM PARAMETERS :
  ---------------------------------------------------------
  Undefined line width                0.2000
  Mirror code                         NONE
  Rotate angle                        NONE
  Offset x:                           0.0000
  Offset y:                           0.0000
  Plot negative                       NO
  Suppress unconnected internal pads  NO
  Draw holes only                     NO



  APERTURES USED:
  ---------------------------------------------------------
  TYPE       SIZE/NAME                   ROT   MIRROR MODE 
  ---------------------------------------------------------
  CIRCLE     0.30000                                  DARK 
  CIRCLE     0.40000                                  DARK 
  CIRCLE     0.50000                                  DARK 
  CIRCLE     0.60000                                  DARK 
  CIRCLE     0.80000                                  DARK 
  CIRCLE     0.90000                                  DARK 
  CIRCLE     1.00000                                  DARK 
  CIRCLE     2.00000                                  DARK 
  CIRCLE     3.00000                                  DARK 
  CIRCLE     3.10000                                  DARK 
  RECTANGLE  4.00000     x 6.00000       0.000 NO     DARK 
  PAD SHAPE  ROUNDED_RECTANGLE ,16667.   0.000 NO     DARK 

     VCC created.


================================================================
     PROCESSING FILM < GND >
     TO FILE < D:/Work/GitHub/TinyBMS/PCB/GND.art > ...
================================================================

  FILM PARAMETERS :
  ---------------------------------------------------------
  Undefined line width                0.2000
  Mirror code                         NONE
  Rotate angle                        NONE
  Offset x:                           0.0000
  Offset y:                           0.0000
  Plot negative                       NO
  Suppress unconnected internal pads  NO
  Draw holes only                     NO

    WARNING: Film contains objects with associated DRCs (2).
           In the design editor view this film and enable visibility for the
           associated DRC layer. Verify the DRCs are approved exceptions to your rules.


  APERTURES USED:
  ---------------------------------------------------------
  TYPE       SIZE/NAME                   ROT   MIRROR MODE 
  ---------------------------------------------------------
  CIRCLE     0.40000                                  DARK 
  CIRCLE     0.50000                                  DARK 
  CIRCLE     0.60000                                  DARK 
  CIRCLE     0.80000                                  DARK 
  CIRCLE     0.90000                                  DARK 
  CIRCLE     2.00000                                  DARK 
  CIRCLE     3.00000                                  DARK 
  CIRCLE     3.10000                                  DARK 
  RECTANGLE  4.00000     x 6.00000       0.000 NO     DARK 
  PAD SHAPE  ROUNDED_RECTANGLE ,16667.   0.000 NO     DARK 

     GND created with warnings


------------------------------------------------------
 SUMMARY:
        TOP created with warnings
        BOTTOM created with warnings
        Silkscreen_Top created.
        Silkscreen_Bottom created.
        Soldermask_Top created.
        Soldermask_Bottom created.
        Pastemask_Top created.
        Pastemask_Bottom created.
        Drill_Chart created with warnings
        VCC created.
        GND created with warnings

 ARTWORK had warnings
