(---------------------------------------------------------------------)
(                                                                     )
(    QUICKPLACE LOG                                                   )
(                                                                     )
(    Drawing          : TinyBMS.brd                                   )
(    Software Version : 17.4S017                                      )
(    Date/Time        : Sun Nov 20 09:30:04 2022                      )
(                                                                     )
(---------------------------------------------------------------------)


State: Placing on layer TOP

         Placed symbol:  U2 / STM32F103CBT6_LQFP-48_STM32F103CBT6 / LQFP-48 at (5.6132 5.4232)
         Placed symbol:  U1 / BQ7692003PWR_TSSOP-20_BQ7692003PWR / TSSOP-20 at (15.3234 4.0082)
         Placed symbol:  U9 / SN74F00DR_SOIC-14_SN74F00DR / SOIC-14 at (20.4406 0.9592)
         Placed symbol:  U8 / RS2255XN_MSOP-10_RS2255XN / MSOP-10 at (31.5778 3.1532)
         Placed symbol:  U7 / XLV358-MS_MSOP-8_XLV358-MS / MSOP-8 at (34.1710 4.4522)
         Placed symbol:  U4 / LM5007MM_VSSOP-8_LM5007MM / VSSOP-8 at (39.0772 3.3172)
         Placed symbol:  U6 / XLV358-MS_MSOP-8_XLV358-MS / MSOP-8 at (41.9974 4.4522)
         Placed symbol:  J6 / HEADER1X6_SMD-HOR-SH1D0-6P_HEADER1X6 / SMD-HOR-SH1D0-6P at (47.5896 5.7032)
         Placed symbol:  RL1 / RELAY_HF197F-110_HF197F-110 / HF197F-110 at (75.6928 11.8032)
         Placed symbol:  J7 / HEADER1X5_SMD-HOR-SH1D0-5P_HEADER1X5 / SMD-HOR-SH1D0-5P at (2.8032 29.0064)
         Placed symbol:  J4 / HEADER1X4_SMD-HOR-SH1D0-4P_HEADER1X4 / SMD-HOR-SH1D0-4P at (12.3064 29.1064)
         Placed symbol:  U10 / SN74AUP1G00DCKR_SC-70-5_SN74AUP1G00DCKR / SC-70-5 at (19.2976 25.1414)
         Placed symbol:  Y3 / CRYSTAL_SMD3225-4P_8MHZ / SMD3225-4P at (22.5528 25.1844)
         Placed symbol:  Y4 / CRYSTAL-2P_DT-26_32.768KHZ / DT-26 at (25.4030 30.2064)
         Placed symbol:  Q19 / BSS84_SOT-23_FH3415C+ / SOT-23 at (29.5962 25.6564)
         Placed symbol:  Q18 / BSS84_SOT-23_FH3415C+ / SOT-23 at (33.5994 25.6564)
         Placed symbol:  Q17 / BSS84_SOT-23_FH3415C+ / SOT-23 at (37.6026 25.6564)
         Placed symbol:  Q16 / FH3400C_SOT-23-3_FH3400C / SOT-23-3 at (39.7608 23.9074)
         Placed symbol:  Q15 / FH3400C_SOT-23-3_FH3400C / SOT-23-3 at (42.8820 23.9074)
         Placed symbol:  Q14 / FH3400C_SOT-23-3_FH3400C / SOT-23-3 at (46.0032 23.9074)
         Placed symbol:  Q13 / FH3400C_SOT-23-3_FH3400C / SOT-23-3 at (49.1244 23.9074)
         Placed symbol:  Q12 / FH3400C_SOT-23-3_FH3400C / SOT-23-3 at (52.2456 23.9074)
         Placed symbol:  Q9 / BSS84_SOT-23-3_FH3400C / SOT-23-3 at (55.3668 23.9074)
         Placed symbol:  Q8 / BSS84_SOT-23-3_FH3400C / SOT-23-3 at (58.4880 23.9074)
         Placed symbol:  Q11 / BSS84_SOT-23-3_FH3400C / SOT-23-3 at (61.6092 23.9074)
         Placed symbol:  Q10 / BSS84_SOT-23-3_FH3400C / SOT-23-3 at (64.7304 23.9074)
         Placed symbol:  U5 / TL431/TI_SOT-23-3-TL431_TL431 / SOT-23-3-TL431 at (68.0826 23.9254)
         Placed symbol:  Q20 / BSS84_SOT-23_FH3415C+ / SOT-23 at (73.3088 25.6564)
         Placed symbol:  C40 / CAP NP_C1210_DNP / C1210 at (77.6290 24.7304)
         Placed symbol:  C6 / CAP NP_C0603_0.1UF / C0603 at (80.5342 23.8064)
         Placed symbol:  C46 / CAP POL_SMD-CAP-D4XL5D4MM_10UF/35V / SMD-CAP-D4XL5D4MM at (85.9074 26.1064)
         Placed symbol:  C34 / CAP NP_SMD-CAP-D6D3XL5D4MM_100UF/16V / SMD-CAP-D6D3XL5D4MM at (93.6506 27.3864)
         Placed symbol:  C7 / CAP NP_C0603_0.1UF / C0603 at (0.6032 31.5596)
         Placed symbol:  D34 / DIODE SCHOTTKY_SOD-323_SD05-7 / SOD-323 at (4.7364 32.2696)
         Placed symbol:  D35 / DIODE SCHOTTKY_SOD-323_SD05-7 / SOD-323 at (8.5896 32.2696)
         Placed symbol:  C8 / CAP NP_C0603_0.1UF / C0603 at (10.9128 31.5596)
         Placed symbol:  D11 / DIODE TVS_DFN1610-2_LTVS16H5.0T5G / DFN1610-2 at (14.1130 31.9556)
         Placed symbol:  D14 / DIODE TVS_DFN1610-2_LTVS16H5.0T5G / DFN1610-2 at (16.3172 31.9556)
         Placed symbol:  D1 / DIODE SCHOTTKY_SOD-323_SD05-7 / SOD-323 at (19.4544 32.2696)
         Placed symbol:  D28 / DIODE TVS_DFN1610-2_LTVS16H5.0T5G / DFN1610-2 at (22.3746 31.9556)
         Placed symbol:  D36 / DIODE SCHOTTKY_SOD-323_SD05-7 / SOD-323 at (25.5118 32.2696)
         Placed symbol:  D30 / DIODE TVS_DFN1610-2_LTVS16H5.0T5G / DFN1610-2 at (28.4320 31.9556)
         Placed symbol:  D31 / DIODE TVS_DFN1610-2_LTVS16H5.0T5G / DFN1610-2 at (30.6362 31.9556)
         Placed symbol:  D37 / DIODE TVS_DFN1610-2_LTVS16H5.0T5G / DFN1610-2 at (32.8404 31.9556)
         Placed symbol:  D9 / DIODE TVS_DFN1610-2_LTVS16H5.0T5G / DFN1610-2 at (35.0446 31.9556)
         Placed symbol:  D15 / DIODE TVS_DFN1610-2_LTVS16H5.0T5G / DFN1610-2 at (37.2488 31.9556)
         Placed symbol:  D17 / LED_LED0402_LED / LED0402 at (39.0260 31.6296)
         Placed symbol:  D18 / LED_LED0402_LED / LED0402 at (41.3492 31.6296)
         Placed symbol:  D19 / DIODE_SOD-323_1N4148WS / SOD-323 at (45.0324 32.2696)
         Placed symbol:  D22 / DIODE_SOD-323_1N4148WS / SOD-323 at (48.8856 32.2696)
         Placed symbol:  D23 / DIODE_SOD-323_1N4148WS / SOD-323 at (52.7388 32.2696)
         Placed symbol:  D24 / DIODE_SOD-323_1N4148WS / SOD-323 at (56.5920 32.2696)
         Placed symbol:  D29 / DIODE TVS_DFN1610-2_LTVS16H5.0T5G / DFN1610-2 at (59.5122 31.9556)
         Placed symbol:  D26 / DIODE_SOD-323_1N4148WS / SOD-323 at (62.6494 32.2696)
         Placed symbol:  D27 / DIODE_SOD-323_1N4148WS / SOD-323 at (66.5026 32.2696)
         Placed symbol:  D7 / DIODE_SOD-323_1N4148WS / SOD-323 at (70.3558 32.2696)
         Placed symbol:  D16 / LED_LED0402_LED / LED0402 at (72.8490 31.6296)
         Placed symbol:  D20 / DIODE_SOD-323_NSR0340HT1G / SOD-323 at (76.5322 32.2696)
         Placed symbol:  D32 / DIODE ZENER_SOD-323_MM3Z4V7T1G / SOD-323 at (80.3854 32.2696)
         Placed symbol:  D33 / DIODE ZENER_SOD-323_MM3Z4V7T1G / SOD-323 at (84.2386 32.2696)
         Placed symbol:  C31 / CAP NP_C0402_0.1UF / C0402 at (86.6718 31.5596)
         Placed symbol:  C30 / CAP NP_C0402_0.1UF / C0402 at (88.9050 31.5596)
         Placed symbol:  C29 / CAP NP_C0402_0.1UF / C0402 at (91.1382 31.5596)
         Placed symbol:  L1 / INDUCTOR_L0603_4.7UH / L0603 at (93.2514 31.5396)
         Placed symbol:  L2 / INDUCTOR_SMD-IND-6X6X4D4MM_CD54/68UH / SMD-IND-6X6X4D4MM at (4.2232 36.8928)
         Placed symbol:  C28 / CAP NP_C0402_12PF / C0402 at (9.0764 33.5928)
         Placed symbol:  C27 / CAP NP_C0402_12PF / C0402 at (11.3096 33.5928)
         Placed symbol:  C26 / CAP NP_C0402_12PF / C0402 at (13.5428 33.5928)
         Placed symbol:  C25 / CAP NP_C0402_12PF / C0402 at (15.7760 33.5928)
         Placed symbol:  C42 / CAP NP_C0402_0.1UF / C0402 at (18.0092 33.5928)
         Placed symbol:  C41 / CAP NP_C0402_0.1UF / C0402 at (20.2424 33.5928)
         Placed symbol:  C39 / CAP NP_C0402_0.1UF / C0402 at (22.4756 33.5928)
         Placed symbol:  C38 / CAP NP_C0402_0.1UF / C0402 at (24.7088 33.5928)
         Placed symbol:  C37 / CAP NP_C0402_0.1UF / C0402 at (26.9420 33.5928)
         Placed symbol:  C36 / CAP NP_C0402_0.1UF / C0402 at (29.1752 33.5928)
         Placed symbol:  C33 / CAP NP_C0402_0.1UF / C0402 at (31.4084 33.5928)
         Placed symbol:  C32 / CAP NP_C0402_0.1UF / C0402 at (33.6416 33.5928)
         Placed symbol:  D25 / DIODE_SOD-323_1N4148WS / SOD-323 at (37.2948 34.3028)
         Placed symbol:  R1 / R_R0603_1K / R0603 at (39.6180 33.5928)
         Placed symbol:  R100 / R_R0603_1K / R0603 at (42.2212 33.5928)
         Placed symbol:  R102 / R_R0603_1K / R0603 at (44.8244 33.5928)
         Placed symbol:  R19 / R_R0603_1K / R0603 at (47.4276 33.5928)
         Placed symbol:  R95 / R_R0603_1K / R0603 at (50.0308 33.5928)
         Placed symbol:  R97 / R_R0603_1K / R0603 at (52.6340 33.5928)
         Placed symbol:  R10 / R_R0603_1M / R0603 at (55.2372 33.5928)
         Placed symbol:  R14 / R_R0603_1M / R0603 at (57.8404 33.5928)
         Placed symbol:  R24 / R_R0603_1M / R0603 at (60.4436 33.5928)
         Placed symbol:  R101 / R_R2512_39 / R2512 at (66.5578 35.4548)
         Placed symbol:  R91 / R_R2512_39 / R2512 at (74.6260 35.4548)
         Placed symbol:  R93 / R_R2512_39 / R2512 at (82.6942 35.4548)
         Placed symbol:  R98 / R_R2512_39 / R2512 at (90.7624 35.4548)
         Placed symbol:  D8 / DIODE_SOD-323_1N4148WS / SOD-323 at (96.8496 34.3028)
         Placed symbol:  C19 / CAP NP_C0402_0.1UF / C0402 at (0.7132 40.7760)
         Placed symbol:  R25 / R_R0402_10K / R0402 at (2.9764 40.8060)
         Placed symbol:  R31 / R_R0402_10K / R0402 at (5.2596 40.8060)
         Placed symbol:  R39 / R_R0402_10K / R0402 at (7.5428 40.8060)
         Placed symbol:  R40 / R_R0402_10K / R0402 at (9.8260 40.8060)
         Placed symbol:  R52 / R_R0402_10K / R0402 at (12.1092 40.8060)
         Placed symbol:  R78 / R_R0402_10K / R0402 at (14.3924 40.8060)
         Placed symbol:  R103 / R_R0402_10K / R0402 at (16.6756 40.8060)
         Placed symbol:  R107 / R_R0402_100K / R0402 at (18.9588 40.8060)
         Placed symbol:  R109 / R_R0402_100K / R0402 at (21.2420 40.8060)
         Placed symbol:  R48 / R_R0402_100K / R0402 at (23.5252 40.8060)
         Placed symbol:  R59 / R_R0402_100K / R0402 at (25.8084 40.8060)
         Placed symbol:  R60 / R_R0402_100K / R0402 at (28.0916 40.8060)
         Placed symbol:  R63 / R_R0402_100K / R0402 at (30.3748 40.8060)
         Placed symbol:  R64 / R_R0402_100K / R0402 at (32.6580 40.8060)
         Placed symbol:  R108 / R_R0402_DNP / R0402 at (34.9412 40.8060)
         Placed symbol:  R38 / R_R0402_DNP / R0402 at (37.2244 40.8060)
         Placed symbol:  R72 / R_R0402_DNP / R0402 at (39.5076 40.8060)
         Placed symbol:  R89 / R_R0402_DNP / R0402 at (41.7908 40.8060)
         Placed symbol:  R90 / R_R0402_DNP / R0402 at (44.0740 40.8060)
         Placed symbol:  R110 / R_R0603_100 / R0603 at (46.2172 40.7760)
         Placed symbol:  R16 / R_R0603_100 / R0603 at (48.8204 40.7760)
         Placed symbol:  R6 / R_R0603_100 / R0603 at (51.4236 40.7760)
         Placed symbol:  R7 / R_R0603_100 / R0603 at (54.0268 40.7760)
         Placed symbol:  R111 / R_R0805_CSR 5W 10MR / R0805 at (56.8800 40.7260)
         Placed symbol:  R112 / R_R0805_CSR 5W 10MR / R0805 at (60.4832 40.7260)
         Placed symbol:  R8 / R_R0805_CSR 5W 10MR / R0805 at (64.0864 40.7260)
         Placed symbol:  R113 / R_R0603_0 / R0603 at (67.4396 40.7760)
         Placed symbol:  R114 / R_R0603_DNP / R0603 at (70.0428 40.7760)
         Placed symbol:  R29 / R_R0603_DNP / R0603 at (72.6460 40.7760)
         Placed symbol:  R12 / R_R0603_2.2K / R0603 at (75.2492 40.7760)
         Placed symbol:  R88 / R_R0603_2.2K / R0603 at (77.8524 40.7760)
         Placed symbol:  R17 / R_R0603_10K / R0603 at (80.4556 40.7760)
         Placed symbol:  R20 / R_R0603_10K / R0603 at (83.0588 40.7760)
         Placed symbol:  R92 / R_R0603_10K / R0603 at (85.6620 40.7760)
         Placed symbol:  R94 / R_R0603_10K / R0603 at (88.2652 40.7760)
         Placed symbol:  R96 / R_R0603_10K / R0603 at (90.8684 40.7760)
         Placed symbol:  R99 / R_R0603_10K / R0603 at (93.4716 40.7760)
         Placed symbol:  R37 / R_R0402_0 / R0402 at (96.2148 40.8060)
         Placed symbol:  R53 / R_R0402_0 / R0402 at (0.7432 42.5092)
         Placed symbol:  R73 / R_R0402_0 / R0402 at (3.0264 42.5092)
         Placed symbol:  R41 / R_R0402_1K / R0402 at (5.3096 42.5092)
         Placed symbol:  R43 / R_R0402_1K / R0402 at (7.5928 42.5092)
         Placed symbol:  R51 / R_R0402_1K / R0402 at (9.8760 42.5092)
         Placed symbol:  R65 / R_R0402_1K / R0402 at (12.1592 42.5092)
         Placed symbol:  R66 / R_R0402_1K / R0402 at (14.4424 42.5092)
         Placed symbol:  R67 / R_R0402_1K / R0402 at (16.7256 42.5092)
         Placed symbol:  R68 / R_R0402_1K / R0402 at (19.0088 42.5092)
         Placed symbol:  R69 / R_R0402_1K / R0402 at (21.2920 42.5092)
         Placed symbol:  R70 / R_R0402_1K / R0402 at (23.5752 42.5092)
         Placed symbol:  R44 / R_R0402_2K / R0402 at (25.8584 42.5092)
         Placed symbol:  R45 / R_R0402_2K / R0402 at (28.1416 42.5092)
         Placed symbol:  R46 / R_R0402_2K / R0402 at (30.4248 42.5092)
         Placed symbol:  R50 / R_R0402_2K / R0402 at (32.7080 42.5092)
         Placed symbol:  R47 / R_R0402_1M / R0402 at (34.9912 42.5092)
         Placed symbol:  R55 / R_R0603_100K / R0603 at (37.1344 42.4792)
         Placed symbol:  R57 / R_R0402_100 / R0402 at (39.8776 42.5092)
         Placed symbol:  R77 / R_R0402_100 / R0402 at (42.1608 42.5092)
         Placed symbol:  R61 / R_R0402_47K / R0402 at (44.4440 42.5092)
         Placed symbol:  R62 / R_R0402_47K / R0402 at (46.7272 42.5092)
         Placed symbol:  R71 / R_R0402_365 / R0402 at (49.0104 42.5092)
         Placed symbol:  R74 / R_R0402_2.15K / R0402 at (51.2936 42.5092)
         Placed symbol:  R76 / R_R0402_2.15K / R0402 at (53.5768 42.5092)
         Placed symbol:  R75 / R_R1210_PT100 / R1210 at (57.5270 43.4032)
         Placed symbol:  R82 / R_R1210_PT100 / R1210 at (62.2392 43.4032)
         Placed symbol:  R83 / R_R1210_PT100 / R1210 at (66.9514 43.4032)
         Placed symbol:  R84 / R_R1210_PT100 / R1210 at (71.6636 43.4032)
         Placed symbol:  R79 / R_R0402_237K / R0402 at (74.7088 42.5092)
         Placed symbol:  R81 / R_R0402_237K / R0402 at (76.9920 42.5092)
         Placed symbol:  R85 / R_R0402_15.1K / R0402 at (79.2752 42.5092)
         Placed symbol:  R86 / R_R0402_15.1K / R0402 at (81.5584 42.5092)
         Placed symbol:  R87 / R_R1210_DNP / R1210 at (85.5086 43.4032)
         Placed symbol:  C18 / CAP NP_C0603_10UF/6.3V / C0603 at (88.4138 42.4792)
         Placed symbol:  RV1 / VARISTOR_R0603_10K / R0603 at (91.0170 42.4792)
         Placed symbol:  SW2 / SW PUSHBUTTON_SW-SMD-3D0X6D0-2P_BUTTON / SW-SMD-3D0X6D0-2P at (4.3282 46.7054)
         Placed symbol:  SW3 / SW PUSHBUTTON_SW-SMD-3D0X6D0-2P_BUTTON / SW-SMD-3D0X6D0-2P at (12.7814 46.7054)
         Placed symbol:  R80 / R_R0402_10K / R0402 at (17.6496 44.9354)
         Placed symbol:  C17 / CAP NP_C0603_470PF / C0603 at (19.7928 44.9054)
         Placed symbol:  C10 / CAP NP_C0603_1UF/16V / C0603 at (22.3960 44.9054)
         Placed symbol:  R105 / R_R0402_10K / R0402 at (25.1392 44.9354)
         Placed symbol:  C1 / CAP NP_C0603_1UF / C0603 at (27.2824 44.9054)
         Placed symbol:  C43 / CAP NP_C0603_1UF / C0603 at (29.8856 44.9054)
         Placed symbol:  C44 / CAP NP_C0603_1UF / C0603 at (32.4888 44.9054)
         Placed symbol:  C24 / CAP NP_C0603_470PF / C0603 at (35.0920 44.9054)
         Placed symbol:  C45 / CAP NP_C0603_1UF / C0603 at (37.6952 44.9054)
         Placed symbol:  TP2 / T POINT F_TP_THR_CIR_3D0_1D5_SOLDERING / TP_THR_CIR_3D0_1D5 at (41.6984 46.5054)
         Placed symbol:  TP3 / T POINT F_TP_THR_CIR_3D0_1D5_SOLDERING / TP_THR_CIR_3D0_1D5 at (45.5016 46.5054)
         Placed symbol:  TP1 / T POINT F_TP_THR_CIR_3D0_1D5_BAT- / TP_THR_CIR_3D0_1D5 at (49.3048 46.5054)
         Placed symbol:  TP5 / T POINT F_TP_THR_CIR_3D0_1D5_BAT+ / TP_THR_CIR_3D0_1D5 at (53.1080 46.5054)
         Placed symbol:  TP7 / T POINT F_TP_THR_CIR_3D0_1D5_SOLDERING / TP_THR_CIR_3D0_1D5 at (56.9112 46.5054)
         Placed symbol:  TP6 / T POINT F_TP_THR_CIR_3D0_1D5_SOLDERING / TP_THR_CIR_3D0_1D5 at (60.7144 46.5054)
         Placed symbol:  TP4 / T POINT F_TP_THR_CIR_3D0_1D5_SOLDERING / TP_THR_CIR_3D0_1D5 at (64.5176 46.5054)


Placed 184 of 184 applicable (184 total) symbols.

-----------------------------------------------------------------------

State: Placing on layer TOP



Placed 0 of 0 applicable (0 total) symbols.

-----------------------------------------------------------------------

State: Placing on layer TOP



Placed 0 of 0 applicable (0 total) symbols.

-----------------------------------------------------------------------

State: Placing on layer TOP



Placed 0 of 0 applicable (0 total) symbols.

-----------------------------------------------------------------------

